0 info it worked if it ends with ok
1 verbose cli [ '/usr/bin/node', '/usr/bin/npm', 'run', 'ng', 'start' ]
2 info using npm@3.10.10
3 info using node@v6.11.3
4 verbose run-script [ 'preng', 'ng', 'postng' ]
5 info lifecycle share-ui@0.0.0~preng: share-ui@0.0.0
6 silly lifecycle share-ui@0.0.0~preng: no script for preng, continuing
7 info lifecycle share-ui@0.0.0~ng: share-ui@0.0.0
8 verbose lifecycle share-ui@0.0.0~ng: unsafe-perm in lifecycle true
9 verbose lifecycle share-ui@0.0.0~ng: PATH: /usr/lib/node_modules/npm/bin/node-gyp-bin:/home/Drive D/gitProjects/save-content/client/share/node_modules/.bin:/home/kulwant/bin:/home/kulwant/.local/bin:/usr/local/sbin:/usr/local/bin:/usr/sbin:/usr/bin:/sbin:/bin:/usr/games:/usr/local/games
10 verbose lifecycle share-ui@0.0.0~ng: CWD: /home/Drive D/gitProjects/save-content/client/share
11 silly lifecycle share-ui@0.0.0~ng: Args: [ '-c', './node_modules/@angular/cli/bin/ng "start"' ]
12 silly lifecycle share-ui@0.0.0~ng: Returned: code: 1  signal: null
13 info lifecycle share-ui@0.0.0~ng: Failed to exec ng script
14 verbose stack Error: share-ui@0.0.0 ng: `./node_modules/@angular/cli/bin/ng "start"`
14 verbose stack Exit status 1
14 verbose stack     at EventEmitter.<anonymous> (/usr/lib/node_modules/npm/lib/utils/lifecycle.js:255:16)
14 verbose stack     at emitTwo (events.js:106:13)
14 verbose stack     at EventEmitter.emit (events.js:191:7)
14 verbose stack     at ChildProcess.<anonymous> (/usr/lib/node_modules/npm/lib/utils/spawn.js:40:14)
14 verbose stack     at emitTwo (events.js:106:13)
14 verbose stack     at ChildProcess.emit (events.js:191:7)
14 verbose stack     at maybeClose (internal/child_process.js:920:16)
14 verbose stack     at Process.ChildProcess._handle.onexit (internal/child_process.js:230:5)
15 verbose pkgid share-ui@0.0.0
16 verbose cwd /home/Drive D/gitProjects/save-content/client/share
17 error Linux 4.8.0-53-generic
18 error argv "/usr/bin/node" "/usr/bin/npm" "run" "ng" "start"
19 error node v6.11.3
20 error npm  v3.10.10
21 error code ELIFECYCLE
22 error share-ui@0.0.0 ng: `./node_modules/@angular/cli/bin/ng "start"`
22 error Exit status 1
23 error Failed at the share-ui@0.0.0 ng script './node_modules/@angular/cli/bin/ng "start"'.
23 error Make sure you have the latest version of node.js and npm installed.
23 error If you do, this is most likely a problem with the share-ui package,
23 error not with npm itself.
23 error Tell the author that this fails on your system:
23 error     ./node_modules/@angular/cli/bin/ng "start"
23 error You can get information on how to open an issue for this project with:
23 error     npm bugs share-ui
23 error Or if that isn't available, you can get their info via:
23 error     npm owner ls share-ui
23 error There is likely additional logging output above.
24 verbose exit [ 1, true ]
